{"timestamp":"2026-07-19T07:54:39.898447Z","level":"info","event":"Filling up the DagBag from /opt/airflow/dags/002_dag_versioning.py","logger":"airflow.dag_processing.dagbag.BundleDagBag","filename":"dagbag.py","lineno":460}
{"timestamp":"2026-07-19T07:55:10.442181Z","level":"info","event":"Filling up the DagBag from /opt/airflow/dags/002_dag_versioning.py","logger":"airflow.dag_processing.dagbag.BundleDagBag","filename":"dagbag.py","lineno":460}
{"timestamp":"2026-07-19T07:55:41.064524Z","level":"info","event":"Filling up the DagBag from /opt/airflow/dags/002_dag_versioning.py","logger":"airflow.dag_processing.dagbag.BundleDagBag","filename":"dagbag.py","lineno":460}
{"timestamp":"2026-07-19T07:56:11.628100Z","level":"info","event":"Filling up the DagBag from /opt/airflow/dags/002_dag_versioning.py","logger":"airflow.dag_processing.dagbag.BundleDagBag","filename":"dagbag.py","lineno":460}
{"timestamp":"2026-07-19T07:56:42.463045Z","level":"info","event":"Filling up the DagBag from /opt/airflow/dags/002_dag_versioning.py","logger":"airflow.dag_processing.dagbag.BundleDagBag","filename":"dagbag.py","lineno":460}
{"timestamp":"2026-07-19T07:57:13.076409Z","level":"info","event":"Filling up the DagBag from /opt/airflow/dags/002_dag_versioning.py","logger":"airflow.dag_processing.dagbag.BundleDagBag","filename":"dagbag.py","lineno":460}
{"timestamp":"2026-07-19T07:57:43.740758Z","level":"info","event":"Filling up the DagBag from /opt/airflow/dags/002_dag_versioning.py","logger":"airflow.dag_processing.dagbag.BundleDagBag","filename":"dagbag.py","lineno":460}
{"timestamp":"2026-07-19T07:58:01.269296Z","level":"info","event":"Filling up the DagBag from /opt/airflow/dags/002_dag_versioning.py","logger":"airflow.dag_processing.dagbag.BundleDagBag","filename":"dagbag.py","lineno":460}
{"timestamp":"2026-07-19T07:58:01.307635Z","level":"error","event":"Failed to import: /opt/airflow/dags/002_dag_versioning.py","logger":"airflow.dag_processing.importers.python_importer","filename":"python_importer.py","lineno":244,"error_detail":[{"exc_type":"SyntaxError","exc_value":"(unicode error) 'unicodeescape' codec can't decode bytes in position 8-9: truncated \\UXXXXXXXX escape (002_dag_versioning.py, line 23)","exc_notes":[],"syntax_error":{"offset":16,"filename":"/opt/airflow/dags/002_dag_versioning.py","line":"        return \"mkdir C:\\Users\\I536982\\OneDrive - SAP SE\\Documents\\Personal Projects\\Apache Airflow\\dags\\003_Operator.py\"\n","lineno":23,"msg":"(unicode error) 'unicodeescape' codec can't decode bytes in position 8-9: truncated \\UXXXXXXXX escape"},"is_cause":false,"frames":[{"filename":"/home/airflow/.local/lib/python3.13/site-packages/airflow/dag_processing/importers/python_importer.py","lineno":238,"name":"parse"},{"filename":"<frozen importlib._bootstrap_external>","lineno":1019,"name":"exec_module"},{"filename":"<frozen importlib._bootstrap_external>","lineno":1157,"name":"get_code"},{"filename":"<frozen importlib._bootstrap_external>","lineno":1087,"name":"source_to_code"},{"filename":"<frozen importlib._bootstrap>","lineno":488,"name":"_call_with_frames_removed"}],"is_group":false,"exceptions":[]}]}
{"timestamp":"2026-07-19T07:58:01.309640Z","level":"error","event":"Error loading DAG from 002_dag_versioning.py: (unicode error) 'unicodeescape' codec can't decode bytes in position 8-9: truncated \\UXXXXXXXX escape (002_dag_versioning.py, line 23)","logger":"airflow.dag_processing.dagbag.BundleDagBag","filename":"dagbag.py","lineno":319}
{"timestamp":"2026-07-19T07:58:15.557815Z","level":"info","event":"Filling up the DagBag from /opt/airflow/dags/002_dag_versioning.py","logger":"airflow.dag_processing.dagbag.BundleDagBag","filename":"dagbag.py","lineno":460}
{"timestamp":"2026-07-19T07:58:46.337641Z","level":"info","event":"Filling up the DagBag from /opt/airflow/dags/002_dag_versioning.py","logger":"airflow.dag_processing.dagbag.BundleDagBag","filename":"dagbag.py","lineno":460}
{"timestamp":"2026-07-19T07:59:16.799530Z","level":"info","event":"Filling up the DagBag from /opt/airflow/dags/002_dag_versioning.py","logger":"airflow.dag_processing.dagbag.BundleDagBag","filename":"dagbag.py","lineno":460}
{"timestamp":"2026-07-19T07:59:47.424004Z","level":"info","event":"Filling up the DagBag from /opt/airflow/dags/002_dag_versioning.py","logger":"airflow.dag_processing.dagbag.BundleDagBag","filename":"dagbag.py","lineno":460}
{"timestamp":"2026-07-19T08:00:17.957924Z","level":"info","event":"Filling up the DagBag from /opt/airflow/dags/002_dag_versioning.py","logger":"airflow.dag_processing.dagbag.BundleDagBag","filename":"dagbag.py","lineno":460}
{"timestamp":"2026-07-19T08:00:48.611346Z","level":"info","event":"Filling up the DagBag from /opt/airflow/dags/002_dag_versioning.py","logger":"airflow.dag_processing.dagbag.BundleDagBag","filename":"dagbag.py","lineno":460}
{"timestamp":"2026-07-19T08:01:19.400364Z","level":"info","event":"Filling up the DagBag from /opt/airflow/dags/002_dag_versioning.py","logger":"airflow.dag_processing.dagbag.BundleDagBag","filename":"dagbag.py","lineno":460}
{"timestamp":"2026-07-19T08:01:49.952581Z","level":"info","event":"Filling up the DagBag from /opt/airflow/dags/002_dag_versioning.py","logger":"airflow.dag_processing.dagbag.BundleDagBag","filename":"dagbag.py","lineno":460}
{"timestamp":"2026-07-19T08:02:20.493249Z","level":"info","event":"Filling up the DagBag from /opt/airflow/dags/002_dag_versioning.py","logger":"airflow.dag_processing.dagbag.BundleDagBag","filename":"dagbag.py","lineno":460}
{"timestamp":"2026-07-19T08:02:50.976014Z","level":"info","event":"Filling up the DagBag from /opt/airflow/dags/002_dag_versioning.py","logger":"airflow.dag_processing.dagbag.BundleDagBag","filename":"dagbag.py","lineno":460}
{"timestamp":"2026-07-19T08:02:51.141647Z","level":"info","event":"Filling up the DagBag from /opt/airflow/dags/002_dag_versioning.py","logger":"airflow.dag_processing.dagbag.BundleDagBag","filename":"dagbag.py","lineno":460}
{"timestamp":"2026-07-19T08:02:51.323327Z","level":"info","event":"Filling up the DagBag from /opt/airflow/dags/002_dag_versioning.py","logger":"airflow.dag_processing.dagbag.BundleDagBag","filename":"dagbag.py","lineno":460}
{"timestamp":"2026-07-19T08:03:07.209760Z","level":"info","event":"Filling up the DagBag from /opt/airflow/dags/002_dag_versioning.py","logger":"airflow.dag_processing.dagbag.BundleDagBag","filename":"dagbag.py","lineno":460}
{"timestamp":"2026-07-19T08:03:37.725913Z","level":"info","event":"Filling up the DagBag from /opt/airflow/dags/002_dag_versioning.py","logger":"airflow.dag_processing.dagbag.BundleDagBag","filename":"dagbag.py","lineno":460}
{"timestamp":"2026-07-19T08:04:05.169666Z","level":"info","event":"Filling up the DagBag from /opt/airflow/dags/002_dag_versioning.py","logger":"airflow.dag_processing.dagbag.BundleDagBag","filename":"dagbag.py","lineno":460}
{"timestamp":"2026-07-19T08:04:13.438637Z","level":"info","event":"Filling up the DagBag from /opt/airflow/dags/002_dag_versioning.py","logger":"airflow.dag_processing.dagbag.BundleDagBag","filename":"dagbag.py","lineno":460}
{"timestamp":"2026-07-19T08:04:17.640013Z","level":"info","event":"Filling up the DagBag from /opt/airflow/dags/002_dag_versioning.py","logger":"airflow.dag_processing.dagbag.BundleDagBag","filename":"dagbag.py","lineno":460}
{"timestamp":"2026-07-19T08:04:48.534821Z","level":"info","event":"Filling up the DagBag from /opt/airflow/dags/002_dag_versioning.py","logger":"airflow.dag_processing.dagbag.BundleDagBag","filename":"dagbag.py","lineno":460}
{"timestamp":"2026-07-19T08:05:19.009024Z","level":"info","event":"Filling up the DagBag from /opt/airflow/dags/002_dag_versioning.py","logger":"airflow.dag_processing.dagbag.BundleDagBag","filename":"dagbag.py","lineno":460}
{"timestamp":"2026-07-19T08:05:49.457965Z","level":"info","event":"Filling up the DagBag from /opt/airflow/dags/002_dag_versioning.py","logger":"airflow.dag_processing.dagbag.BundleDagBag","filename":"dagbag.py","lineno":460}
{"timestamp":"2026-07-19T08:06:19.961614Z","level":"info","event":"Filling up the DagBag from /opt/airflow/dags/002_dag_versioning.py","logger":"airflow.dag_processing.dagbag.BundleDagBag","filename":"dagbag.py","lineno":460}
{"timestamp":"2026-07-19T08:06:50.433088Z","level":"info","event":"Filling up the DagBag from /opt/airflow/dags/002_dag_versioning.py","logger":"airflow.dag_processing.dagbag.BundleDagBag","filename":"dagbag.py","lineno":460}
{"timestamp":"2026-07-19T08:07:20.886216Z","level":"info","event":"Filling up the DagBag from /opt/airflow/dags/002_dag_versioning.py","logger":"airflow.dag_processing.dagbag.BundleDagBag","filename":"dagbag.py","lineno":460}
{"timestamp":"2026-07-19T08:07:51.374233Z","level":"info","event":"Filling up the DagBag from /opt/airflow/dags/002_dag_versioning.py","logger":"airflow.dag_processing.dagbag.BundleDagBag","filename":"dagbag.py","lineno":460}
{"timestamp":"2026-07-19T08:08:21.846995Z","level":"info","event":"Filling up the DagBag from /opt/airflow/dags/002_dag_versioning.py","logger":"airflow.dag_processing.dagbag.BundleDagBag","filename":"dagbag.py","lineno":460}
{"timestamp":"2026-07-19T08:08:50.309861Z","level":"info","event":"Filling up the DagBag from /opt/airflow/dags/002_dag_versioning.py","logger":"airflow.dag_processing.dagbag.BundleDagBag","filename":"dagbag.py","lineno":460}
{"timestamp":"2026-07-19T08:08:50.329980Z","level":"error","event":"Failed to import: /opt/airflow/dags/002_dag_versioning.py","logger":"airflow.dag_processing.importers.python_importer","filename":"python_importer.py","lineno":244,"error_detail":[{"exc_type":"SyntaxError","exc_value":"unterminated string literal (detected at line 25) (002_dag_versioning.py, line 25)","exc_notes":[],"syntax_error":{"offset":1,"filename":"/opt/airflow/dags/002_dag_versioning.py","line":"\"","lineno":25,"msg":"unterminated string literal (detected at line 25)"},"is_cause":false,"frames":[{"filename":"/home/airflow/.local/lib/python3.13/site-packages/airflow/dag_processing/importers/python_importer.py","lineno":238,"name":"parse"},{"filename":"<frozen importlib._bootstrap_external>","lineno":1019,"name":"exec_module"},{"filename":"<frozen importlib._bootstrap_external>","lineno":1157,"name":"get_code"},{"filename":"<frozen importlib._bootstrap_external>","lineno":1087,"name":"source_to_code"},{"filename":"<frozen importlib._bootstrap>","lineno":488,"name":"_call_with_frames_removed"}],"is_group":false,"exceptions":[]}]}
{"timestamp":"2026-07-19T08:08:50.331606Z","level":"error","event":"Error loading DAG from 002_dag_versioning.py: unterminated string literal (detected at line 25) (002_dag_versioning.py, line 25)","logger":"airflow.dag_processing.dagbag.BundleDagBag","filename":"dagbag.py","lineno":319}
{"timestamp":"2026-07-19T08:08:56.439949Z","level":"info","event":"Filling up the DagBag from /opt/airflow/dags/002_dag_versioning.py","logger":"airflow.dag_processing.dagbag.BundleDagBag","filename":"dagbag.py","lineno":460}
{"timestamp":"2026-07-19T08:08:56.463601Z","level":"error","event":"Failed to import: /opt/airflow/dags/002_dag_versioning.py","logger":"airflow.dag_processing.importers.python_importer","filename":"python_importer.py","lineno":244,"error_detail":[{"exc_type":"SyntaxError","exc_value":"unterminated string literal (detected at line 25) (002_dag_versioning.py, line 25)","exc_notes":[],"syntax_error":{"offset":1,"filename":"/opt/airflow/dags/002_dag_versioning.py","line":"\"","lineno":25,"msg":"unterminated string literal (detected at line 25)"},"is_cause":false,"frames":[{"filename":"/home/airflow/.local/lib/python3.13/site-packages/airflow/dag_processing/importers/python_importer.py","lineno":238,"name":"parse"},{"filename":"<frozen importlib._bootstrap_external>","lineno":1019,"name":"exec_module"},{"filename":"<frozen importlib._bootstrap_external>","lineno":1157,"name":"get_code"},{"filename":"<frozen importlib._bootstrap_external>","lineno":1087,"name":"source_to_code"},{"filename":"<frozen importlib._bootstrap>","lineno":488,"name":"_call_with_frames_removed"}],"is_group":false,"exceptions":[]}]}
{"timestamp":"2026-07-19T08:08:56.465224Z","level":"error","event":"Error loading DAG from 002_dag_versioning.py: unterminated string literal (detected at line 25) (002_dag_versioning.py, line 25)","logger":"airflow.dag_processing.dagbag.BundleDagBag","filename":"dagbag.py","lineno":319}
{"timestamp":"2026-07-19T08:08:59.571357Z","level":"info","event":"Filling up the DagBag from /opt/airflow/dags/002_dag_versioning.py","logger":"airflow.dag_processing.dagbag.BundleDagBag","filename":"dagbag.py","lineno":460}
{"timestamp":"2026-07-19T08:08:59.770880Z","level":"info","event":"Filling up the DagBag from /opt/airflow/dags/002_dag_versioning.py","logger":"airflow.dag_processing.dagbag.BundleDagBag","filename":"dagbag.py","lineno":460}
{"timestamp":"2026-07-19T08:09:04.923934Z","level":"info","event":"Filling up the DagBag from /opt/airflow/dags/002_dag_versioning.py","logger":"airflow.dag_processing.dagbag.BundleDagBag","filename":"dagbag.py","lineno":460}
{"timestamp":"2026-07-19T08:09:35.444562Z","level":"info","event":"Filling up the DagBag from /opt/airflow/dags/002_dag_versioning.py","logger":"airflow.dag_processing.dagbag.BundleDagBag","filename":"dagbag.py","lineno":460}
{"timestamp":"2026-07-19T08:09:36.697249Z","level":"info","event":"Filling up the DagBag from /opt/airflow/dags/002_dag_versioning.py","logger":"airflow.dag_processing.dagbag.BundleDagBag","filename":"dagbag.py","lineno":460}
{"timestamp":"2026-07-19T08:09:49.063086Z","level":"info","event":"Filling up the DagBag from /opt/airflow/dags/002_dag_versioning.py","logger":"airflow.dag_processing.dagbag.BundleDagBag","filename":"dagbag.py","lineno":460}
{"timestamp":"2026-07-19T08:10:19.551387Z","level":"info","event":"Filling up the DagBag from /opt/airflow/dags/002_dag_versioning.py","logger":"airflow.dag_processing.dagbag.BundleDagBag","filename":"dagbag.py","lineno":460}
{"timestamp":"2026-07-19T08:10:21.699453Z","level":"info","event":"Filling up the DagBag from /opt/airflow/dags/002_dag_versioning.py","logger":"airflow.dag_processing.dagbag.BundleDagBag","filename":"dagbag.py","lineno":460}
{"timestamp":"2026-07-19T08:10:52.300086Z","level":"info","event":"Filling up the DagBag from /opt/airflow/dags/002_dag_versioning.py","logger":"airflow.dag_processing.dagbag.BundleDagBag","filename":"dagbag.py","lineno":460}
{"timestamp":"2026-07-19T08:10:59.483436Z","level":"info","event":"Filling up the DagBag from /opt/airflow/dags/002_dag_versioning.py","logger":"airflow.dag_processing.dagbag.BundleDagBag","filename":"dagbag.py","lineno":460}
{"timestamp":"2026-07-19T08:11:00.605760Z","level":"info","event":"Filling up the DagBag from /opt/airflow/dags/002_dag_versioning.py","logger":"airflow.dag_processing.dagbag.BundleDagBag","filename":"dagbag.py","lineno":460}
{"timestamp":"2026-07-19T08:11:02.740560Z","level":"info","event":"Filling up the DagBag from /opt/airflow/dags/002_dag_versioning.py","logger":"airflow.dag_processing.dagbag.BundleDagBag","filename":"dagbag.py","lineno":460}
{"timestamp":"2026-07-19T08:11:03.863725Z","level":"info","event":"Filling up the DagBag from /opt/airflow/dags/002_dag_versioning.py","logger":"airflow.dag_processing.dagbag.BundleDagBag","filename":"dagbag.py","lineno":460}
{"timestamp":"2026-07-19T08:11:08.026783Z","level":"info","event":"Filling up the DagBag from /opt/airflow/dags/002_dag_versioning.py","logger":"airflow.dag_processing.dagbag.BundleDagBag","filename":"dagbag.py","lineno":460}
{"timestamp":"2026-07-19T08:11:09.156605Z","level":"info","event":"Filling up the DagBag from /opt/airflow/dags/002_dag_versioning.py","logger":"airflow.dag_processing.dagbag.BundleDagBag","filename":"dagbag.py","lineno":460}
{"timestamp":"2026-07-19T08:11:39.721332Z","level":"info","event":"Filling up the DagBag from /opt/airflow/dags/002_dag_versioning.py","logger":"airflow.dag_processing.dagbag.BundleDagBag","filename":"dagbag.py","lineno":460}
{"timestamp":"2026-07-19T08:12:10.377879Z","level":"info","event":"Filling up the DagBag from /opt/airflow/dags/002_dag_versioning.py","logger":"airflow.dag_processing.dagbag.BundleDagBag","filename":"dagbag.py","lineno":460}
{"timestamp":"2026-07-19T08:12:40.904035Z","level":"info","event":"Filling up the DagBag from /opt/airflow/dags/002_dag_versioning.py","logger":"airflow.dag_processing.dagbag.BundleDagBag","filename":"dagbag.py","lineno":460}
{"timestamp":"2026-07-19T08:13:11.428339Z","level":"info","event":"Filling up the DagBag from /opt/airflow/dags/002_dag_versioning.py","logger":"airflow.dag_processing.dagbag.BundleDagBag","filename":"dagbag.py","lineno":460}
{"timestamp":"2026-07-19T08:13:41.966058Z","level":"info","event":"Filling up the DagBag from /opt/airflow/dags/002_dag_versioning.py","logger":"airflow.dag_processing.dagbag.BundleDagBag","filename":"dagbag.py","lineno":460}
{"timestamp":"2026-07-19T08:14:12.572113Z","level":"info","event":"Filling up the DagBag from /opt/airflow/dags/002_dag_versioning.py","logger":"airflow.dag_processing.dagbag.BundleDagBag","filename":"dagbag.py","lineno":460}
{"timestamp":"2026-07-19T08:14:43.072720Z","level":"info","event":"Filling up the DagBag from /opt/airflow/dags/002_dag_versioning.py","logger":"airflow.dag_processing.dagbag.BundleDagBag","filename":"dagbag.py","lineno":460}
{"timestamp":"2026-07-19T08:15:13.546286Z","level":"info","event":"Filling up the DagBag from /opt/airflow/dags/002_dag_versioning.py","logger":"airflow.dag_processing.dagbag.BundleDagBag","filename":"dagbag.py","lineno":460}
{"timestamp":"2026-07-19T08:15:44.010727Z","level":"info","event":"Filling up the DagBag from /opt/airflow/dags/002_dag_versioning.py","logger":"airflow.dag_processing.dagbag.BundleDagBag","filename":"dagbag.py","lineno":460}
{"timestamp":"2026-07-19T08:16:14.507153Z","level":"info","event":"Filling up the DagBag from /opt/airflow/dags/002_dag_versioning.py","logger":"airflow.dag_processing.dagbag.BundleDagBag","filename":"dagbag.py","lineno":460}
{"timestamp":"2026-07-19T08:16:45.005171Z","level":"info","event":"Filling up the DagBag from /opt/airflow/dags/002_dag_versioning.py","logger":"airflow.dag_processing.dagbag.BundleDagBag","filename":"dagbag.py","lineno":460}
{"timestamp":"2026-07-19T08:17:15.530888Z","level":"info","event":"Filling up the DagBag from /opt/airflow/dags/002_dag_versioning.py","logger":"airflow.dag_processing.dagbag.BundleDagBag","filename":"dagbag.py","lineno":460}
{"timestamp":"2026-07-19T08:17:46.037470Z","level":"info","event":"Filling up the DagBag from /opt/airflow/dags/002_dag_versioning.py","logger":"airflow.dag_processing.dagbag.BundleDagBag","filename":"dagbag.py","lineno":460}
{"timestamp":"2026-07-19T08:18:16.493450Z","level":"info","event":"Filling up the DagBag from /opt/airflow/dags/002_dag_versioning.py","logger":"airflow.dag_processing.dagbag.BundleDagBag","filename":"dagbag.py","lineno":460}
{"timestamp":"2026-07-19T08:18:47.001077Z","level":"info","event":"Filling up the DagBag from /opt/airflow/dags/002_dag_versioning.py","logger":"airflow.dag_processing.dagbag.BundleDagBag","filename":"dagbag.py","lineno":460}
{"timestamp":"2026-07-19T08:19:17.475310Z","level":"info","event":"Filling up the DagBag from /opt/airflow/dags/002_dag_versioning.py","logger":"airflow.dag_processing.dagbag.BundleDagBag","filename":"dagbag.py","lineno":460}
{"timestamp":"2026-07-19T08:19:48.104313Z","level":"info","event":"Filling up the DagBag from /opt/airflow/dags/002_dag_versioning.py","logger":"airflow.dag_processing.dagbag.BundleDagBag","filename":"dagbag.py","lineno":460}
{"timestamp":"2026-07-19T08:20:18.721919Z","level":"info","event":"Filling up the DagBag from /opt/airflow/dags/002_dag_versioning.py","logger":"airflow.dag_processing.dagbag.BundleDagBag","filename":"dagbag.py","lineno":460}
{"timestamp":"2026-07-19T08:20:49.304523Z","level":"info","event":"Filling up the DagBag from /opt/airflow/dags/002_dag_versioning.py","logger":"airflow.dag_processing.dagbag.BundleDagBag","filename":"dagbag.py","lineno":460}
{"timestamp":"2026-07-19T08:21:19.876975Z","level":"info","event":"Filling up the DagBag from /opt/airflow/dags/002_dag_versioning.py","logger":"airflow.dag_processing.dagbag.BundleDagBag","filename":"dagbag.py","lineno":460}
{"timestamp":"2026-07-19T08:21:50.462991Z","level":"info","event":"Filling up the DagBag from /opt/airflow/dags/002_dag_versioning.py","logger":"airflow.dag_processing.dagbag.BundleDagBag","filename":"dagbag.py","lineno":460}
{"timestamp":"2026-07-19T08:22:21.076772Z","level":"info","event":"Filling up the DagBag from /opt/airflow/dags/002_dag_versioning.py","logger":"airflow.dag_processing.dagbag.BundleDagBag","filename":"dagbag.py","lineno":460}
{"timestamp":"2026-07-19T08:22:51.730984Z","level":"info","event":"Filling up the DagBag from /opt/airflow/dags/002_dag_versioning.py","logger":"airflow.dag_processing.dagbag.BundleDagBag","filename":"dagbag.py","lineno":460}
{"timestamp":"2026-07-19T08:23:22.334344Z","level":"info","event":"Filling up the DagBag from /opt/airflow/dags/002_dag_versioning.py","logger":"airflow.dag_processing.dagbag.BundleDagBag","filename":"dagbag.py","lineno":460}
{"timestamp":"2026-07-19T08:23:53.128863Z","level":"info","event":"Filling up the DagBag from /opt/airflow/dags/002_dag_versioning.py","logger":"airflow.dag_processing.dagbag.BundleDagBag","filename":"dagbag.py","lineno":460}
{"timestamp":"2026-07-19T08:24:23.797394Z","level":"info","event":"Filling up the DagBag from /opt/airflow/dags/002_dag_versioning.py","logger":"airflow.dag_processing.dagbag.BundleDagBag","filename":"dagbag.py","lineno":460}
{"timestamp":"2026-07-19T08:24:54.474908Z","level":"info","event":"Filling up the DagBag from /opt/airflow/dags/002_dag_versioning.py","logger":"airflow.dag_processing.dagbag.BundleDagBag","filename":"dagbag.py","lineno":460}
{"timestamp":"2026-07-19T08:25:25.085980Z","level":"info","event":"Filling up the DagBag from /opt/airflow/dags/002_dag_versioning.py","logger":"airflow.dag_processing.dagbag.BundleDagBag","filename":"dagbag.py","lineno":460}
{"timestamp":"2026-07-19T08:25:55.697067Z","level":"info","event":"Filling up the DagBag from /opt/airflow/dags/002_dag_versioning.py","logger":"airflow.dag_processing.dagbag.BundleDagBag","filename":"dagbag.py","lineno":460}
{"timestamp":"2026-07-19T08:26:26.274800Z","level":"info","event":"Filling up the DagBag from /opt/airflow/dags/002_dag_versioning.py","logger":"airflow.dag_processing.dagbag.BundleDagBag","filename":"dagbag.py","lineno":460}
{"timestamp":"2026-07-19T08:26:56.961059Z","level":"info","event":"Filling up the DagBag from /opt/airflow/dags/002_dag_versioning.py","logger":"airflow.dag_processing.dagbag.BundleDagBag","filename":"dagbag.py","lineno":460}
{"timestamp":"2026-07-19T08:27:27.599033Z","level":"info","event":"Filling up the DagBag from /opt/airflow/dags/002_dag_versioning.py","logger":"airflow.dag_processing.dagbag.BundleDagBag","filename":"dagbag.py","lineno":460}
{"timestamp":"2026-07-19T08:27:58.165190Z","level":"info","event":"Filling up the DagBag from /opt/airflow/dags/002_dag_versioning.py","logger":"airflow.dag_processing.dagbag.BundleDagBag","filename":"dagbag.py","lineno":460}
{"timestamp":"2026-07-19T08:28:28.742558Z","level":"info","event":"Filling up the DagBag from /opt/airflow/dags/002_dag_versioning.py","logger":"airflow.dag_processing.dagbag.BundleDagBag","filename":"dagbag.py","lineno":460}
{"timestamp":"2026-07-19T08:28:59.384757Z","level":"info","event":"Filling up the DagBag from /opt/airflow/dags/002_dag_versioning.py","logger":"airflow.dag_processing.dagbag.BundleDagBag","filename":"dagbag.py","lineno":460}
{"timestamp":"2026-07-19T08:29:30.060156Z","level":"info","event":"Filling up the DagBag from /opt/airflow/dags/002_dag_versioning.py","logger":"airflow.dag_processing.dagbag.BundleDagBag","filename":"dagbag.py","lineno":460}
{"timestamp":"2026-07-19T08:30:00.849349Z","level":"info","event":"Filling up the DagBag from /opt/airflow/dags/002_dag_versioning.py","logger":"airflow.dag_processing.dagbag.BundleDagBag","filename":"dagbag.py","lineno":460}
{"timestamp":"2026-07-19T08:30:31.581875Z","level":"info","event":"Filling up the DagBag from /opt/airflow/dags/002_dag_versioning.py","logger":"airflow.dag_processing.dagbag.BundleDagBag","filename":"dagbag.py","lineno":460}
{"timestamp":"2026-07-19T08:31:02.149038Z","level":"info","event":"Filling up the DagBag from /opt/airflow/dags/002_dag_versioning.py","logger":"airflow.dag_processing.dagbag.BundleDagBag","filename":"dagbag.py","lineno":460}
{"timestamp":"2026-07-19T08:31:32.751263Z","level":"info","event":"Filling up the DagBag from /opt/airflow/dags/002_dag_versioning.py","logger":"airflow.dag_processing.dagbag.BundleDagBag","filename":"dagbag.py","lineno":460}
{"timestamp":"2026-07-19T08:32:03.346909Z","level":"info","event":"Filling up the DagBag from /opt/airflow/dags/002_dag_versioning.py","logger":"airflow.dag_processing.dagbag.BundleDagBag","filename":"dagbag.py","lineno":460}
{"timestamp":"2026-07-19T08:32:34.008958Z","level":"info","event":"Filling up the DagBag from /opt/airflow/dags/002_dag_versioning.py","logger":"airflow.dag_processing.dagbag.BundleDagBag","filename":"dagbag.py","lineno":460}
{"timestamp":"2026-07-19T08:33:05.376392Z","level":"info","event":"Filling up the DagBag from /opt/airflow/dags/002_dag_versioning.py","logger":"airflow.dag_processing.dagbag.BundleDagBag","filename":"dagbag.py","lineno":460}
{"timestamp":"2026-07-19T08:33:36.282054Z","level":"info","event":"Filling up the DagBag from /opt/airflow/dags/002_dag_versioning.py","logger":"airflow.dag_processing.dagbag.BundleDagBag","filename":"dagbag.py","lineno":460}
{"timestamp":"2026-07-19T08:34:06.887390Z","level":"info","event":"Filling up the DagBag from /opt/airflow/dags/002_dag_versioning.py","logger":"airflow.dag_processing.dagbag.BundleDagBag","filename":"dagbag.py","lineno":460}
{"timestamp":"2026-07-19T08:34:37.506368Z","level":"info","event":"Filling up the DagBag from /opt/airflow/dags/002_dag_versioning.py","logger":"airflow.dag_processing.dagbag.BundleDagBag","filename":"dagbag.py","lineno":460}
{"timestamp":"2026-07-19T08:35:08.188403Z","level":"info","event":"Filling up the DagBag from /opt/airflow/dags/002_dag_versioning.py","logger":"airflow.dag_processing.dagbag.BundleDagBag","filename":"dagbag.py","lineno":460}
{"timestamp":"2026-07-19T08:35:38.821277Z","level":"info","event":"Filling up the DagBag from /opt/airflow/dags/002_dag_versioning.py","logger":"airflow.dag_processing.dagbag.BundleDagBag","filename":"dagbag.py","lineno":460}
{"timestamp":"2026-07-19T08:36:09.812050Z","level":"info","event":"Filling up the DagBag from /opt/airflow/dags/002_dag_versioning.py","logger":"airflow.dag_processing.dagbag.BundleDagBag","filename":"dagbag.py","lineno":460}
{"timestamp":"2026-07-19T08:36:41.031230Z","level":"info","event":"Filling up the DagBag from /opt/airflow/dags/002_dag_versioning.py","logger":"airflow.dag_processing.dagbag.BundleDagBag","filename":"dagbag.py","lineno":460}
{"timestamp":"2026-07-19T08:37:11.734809Z","level":"info","event":"Filling up the DagBag from /opt/airflow/dags/002_dag_versioning.py","logger":"airflow.dag_processing.dagbag.BundleDagBag","filename":"dagbag.py","lineno":460}
{"timestamp":"2026-07-19T08:37:42.501982Z","level":"info","event":"Filling up the DagBag from /opt/airflow/dags/002_dag_versioning.py","logger":"airflow.dag_processing.dagbag.BundleDagBag","filename":"dagbag.py","lineno":460}
{"timestamp":"2026-07-19T08:38:13.194409Z","level":"info","event":"Filling up the DagBag from /opt/airflow/dags/002_dag_versioning.py","logger":"airflow.dag_processing.dagbag.BundleDagBag","filename":"dagbag.py","lineno":460}
{"timestamp":"2026-07-19T08:38:43.888630Z","level":"info","event":"Filling up the DagBag from /opt/airflow/dags/002_dag_versioning.py","logger":"airflow.dag_processing.dagbag.BundleDagBag","filename":"dagbag.py","lineno":460}
{"timestamp":"2026-07-19T08:39:14.652330Z","level":"info","event":"Filling up the DagBag from /opt/airflow/dags/002_dag_versioning.py","logger":"airflow.dag_processing.dagbag.BundleDagBag","filename":"dagbag.py","lineno":460}
{"timestamp":"2026-07-19T08:39:45.685456Z","level":"info","event":"Filling up the DagBag from /opt/airflow/dags/002_dag_versioning.py","logger":"airflow.dag_processing.dagbag.BundleDagBag","filename":"dagbag.py","lineno":460}
{"timestamp":"2026-07-19T08:40:15.871544Z","level":"info","event":"Filling up the DagBag from /opt/airflow/dags/002_dag_versioning.py","logger":"airflow.dag_processing.dagbag.BundleDagBag","filename":"dagbag.py","lineno":460}
{"timestamp":"2026-07-19T08:40:46.843021Z","level":"info","event":"Filling up the DagBag from /opt/airflow/dags/002_dag_versioning.py","logger":"airflow.dag_processing.dagbag.BundleDagBag","filename":"dagbag.py","lineno":460}
{"timestamp":"2026-07-19T08:41:17.728629Z","level":"info","event":"Filling up the DagBag from /opt/airflow/dags/002_dag_versioning.py","logger":"airflow.dag_processing.dagbag.BundleDagBag","filename":"dagbag.py","lineno":460}
{"timestamp":"2026-07-19T08:41:48.665107Z","level":"info","event":"Filling up the DagBag from /opt/airflow/dags/002_dag_versioning.py","logger":"airflow.dag_processing.dagbag.BundleDagBag","filename":"dagbag.py","lineno":460}
{"timestamp":"2026-07-19T08:42:19.448620Z","level":"info","event":"Filling up the DagBag from /opt/airflow/dags/002_dag_versioning.py","logger":"airflow.dag_processing.dagbag.BundleDagBag","filename":"dagbag.py","lineno":460}
{"timestamp":"2026-07-19T08:42:50.381328Z","level":"info","event":"Filling up the DagBag from /opt/airflow/dags/002_dag_versioning.py","logger":"airflow.dag_processing.dagbag.BundleDagBag","filename":"dagbag.py","lineno":460}
{"timestamp":"2026-07-19T08:43:21.173150Z","level":"info","event":"Filling up the DagBag from /opt/airflow/dags/002_dag_versioning.py","logger":"airflow.dag_processing.dagbag.BundleDagBag","filename":"dagbag.py","lineno":460}
{"timestamp":"2026-07-19T08:43:51.500103Z","level":"info","event":"Filling up the DagBag from /opt/airflow/dags/002_dag_versioning.py","logger":"airflow.dag_processing.dagbag.BundleDagBag","filename":"dagbag.py","lineno":460}
{"timestamp":"2026-07-19T08:44:22.287653Z","level":"info","event":"Filling up the DagBag from /opt/airflow/dags/002_dag_versioning.py","logger":"airflow.dag_processing.dagbag.BundleDagBag","filename":"dagbag.py","lineno":460}
{"timestamp":"2026-07-19T08:44:52.972025Z","level":"info","event":"Filling up the DagBag from /opt/airflow/dags/002_dag_versioning.py","logger":"airflow.dag_processing.dagbag.BundleDagBag","filename":"dagbag.py","lineno":460}
{"timestamp":"2026-07-19T08:45:23.633064Z","level":"info","event":"Filling up the DagBag from /opt/airflow/dags/002_dag_versioning.py","logger":"airflow.dag_processing.dagbag.BundleDagBag","filename":"dagbag.py","lineno":460}
{"timestamp":"2026-07-19T08:45:54.274696Z","level":"info","event":"Filling up the DagBag from /opt/airflow/dags/002_dag_versioning.py","logger":"airflow.dag_processing.dagbag.BundleDagBag","filename":"dagbag.py","lineno":460}
{"timestamp":"2026-07-19T08:46:25.042736Z","level":"info","event":"Filling up the DagBag from /opt/airflow/dags/002_dag_versioning.py","logger":"airflow.dag_processing.dagbag.BundleDagBag","filename":"dagbag.py","lineno":460}
{"timestamp":"2026-07-19T08:46:55.985086Z","level":"info","event":"Filling up the DagBag from /opt/airflow/dags/002_dag_versioning.py","logger":"airflow.dag_processing.dagbag.BundleDagBag","filename":"dagbag.py","lineno":460}
{"timestamp":"2026-07-19T08:47:26.675983Z","level":"info","event":"Filling up the DagBag from /opt/airflow/dags/002_dag_versioning.py","logger":"airflow.dag_processing.dagbag.BundleDagBag","filename":"dagbag.py","lineno":460}
{"timestamp":"2026-07-19T08:47:57.608456Z","level":"info","event":"Filling up the DagBag from /opt/airflow/dags/002_dag_versioning.py","logger":"airflow.dag_processing.dagbag.BundleDagBag","filename":"dagbag.py","lineno":460}
{"timestamp":"2026-07-19T08:48:28.321779Z","level":"info","event":"Filling up the DagBag from /opt/airflow/dags/002_dag_versioning.py","logger":"airflow.dag_processing.dagbag.BundleDagBag","filename":"dagbag.py","lineno":460}
{"timestamp":"2026-07-19T08:48:59.178163Z","level":"info","event":"Filling up the DagBag from /opt/airflow/dags/002_dag_versioning.py","logger":"airflow.dag_processing.dagbag.BundleDagBag","filename":"dagbag.py","lineno":460}
{"timestamp":"2026-07-19T08:49:30.075152Z","level":"info","event":"Filling up the DagBag from /opt/airflow/dags/002_dag_versioning.py","logger":"airflow.dag_processing.dagbag.BundleDagBag","filename":"dagbag.py","lineno":460}
{"timestamp":"2026-07-19T08:50:00.882994Z","level":"info","event":"Filling up the DagBag from /opt/airflow/dags/002_dag_versioning.py","logger":"airflow.dag_processing.dagbag.BundleDagBag","filename":"dagbag.py","lineno":460}
{"timestamp":"2026-07-19T08:50:31.670041Z","level":"info","event":"Filling up the DagBag from /opt/airflow/dags/002_dag_versioning.py","logger":"airflow.dag_processing.dagbag.BundleDagBag","filename":"dagbag.py","lineno":460}
{"timestamp":"2026-07-19T08:51:02.613658Z","level":"info","event":"Filling up the DagBag from /opt/airflow/dags/002_dag_versioning.py","logger":"airflow.dag_processing.dagbag.BundleDagBag","filename":"dagbag.py","lineno":460}
{"timestamp":"2026-07-19T08:51:33.413555Z","level":"info","event":"Filling up the DagBag from /opt/airflow/dags/002_dag_versioning.py","logger":"airflow.dag_processing.dagbag.BundleDagBag","filename":"dagbag.py","lineno":460}
{"timestamp":"2026-07-19T08:52:04.153228Z","level":"info","event":"Filling up the DagBag from /opt/airflow/dags/002_dag_versioning.py","logger":"airflow.dag_processing.dagbag.BundleDagBag","filename":"dagbag.py","lineno":460}
{"timestamp":"2026-07-19T08:52:34.874000Z","level":"info","event":"Filling up the DagBag from /opt/airflow/dags/002_dag_versioning.py","logger":"airflow.dag_processing.dagbag.BundleDagBag","filename":"dagbag.py","lineno":460}
{"timestamp":"2026-07-19T08:53:05.619843Z","level":"info","event":"Filling up the DagBag from /opt/airflow/dags/002_dag_versioning.py","logger":"airflow.dag_processing.dagbag.BundleDagBag","filename":"dagbag.py","lineno":460}
{"timestamp":"2026-07-19T08:53:36.720607Z","level":"info","event":"Filling up the DagBag from /opt/airflow/dags/002_dag_versioning.py","logger":"airflow.dag_processing.dagbag.BundleDagBag","filename":"dagbag.py","lineno":460}
{"timestamp":"2026-07-19T08:54:07.375584Z","level":"info","event":"Filling up the DagBag from /opt/airflow/dags/002_dag_versioning.py","logger":"airflow.dag_processing.dagbag.BundleDagBag","filename":"dagbag.py","lineno":460}
{"timestamp":"2026-07-19T08:54:37.948660Z","level":"info","event":"Filling up the DagBag from /opt/airflow/dags/002_dag_versioning.py","logger":"airflow.dag_processing.dagbag.BundleDagBag","filename":"dagbag.py","lineno":460}
{"timestamp":"2026-07-19T08:55:08.922043Z","level":"info","event":"Filling up the DagBag from /opt/airflow/dags/002_dag_versioning.py","logger":"airflow.dag_processing.dagbag.BundleDagBag","filename":"dagbag.py","lineno":460}
{"timestamp":"2026-07-19T08:55:39.440661Z","level":"info","event":"Filling up the DagBag from /opt/airflow/dags/002_dag_versioning.py","logger":"airflow.dag_processing.dagbag.BundleDagBag","filename":"dagbag.py","lineno":460}
{"timestamp":"2026-07-19T08:56:10.281599Z","level":"info","event":"Filling up the DagBag from /opt/airflow/dags/002_dag_versioning.py","logger":"airflow.dag_processing.dagbag.BundleDagBag","filename":"dagbag.py","lineno":460}
{"timestamp":"2026-07-19T08:56:40.622981Z","level":"info","event":"Filling up the DagBag from /opt/airflow/dags/002_dag_versioning.py","logger":"airflow.dag_processing.dagbag.BundleDagBag","filename":"dagbag.py","lineno":460}
{"timestamp":"2026-07-19T08:57:11.181234Z","level":"info","event":"Filling up the DagBag from /opt/airflow/dags/002_dag_versioning.py","logger":"airflow.dag_processing.dagbag.BundleDagBag","filename":"dagbag.py","lineno":460}
{"timestamp":"2026-07-19T08:57:41.888030Z","level":"info","event":"Filling up the DagBag from /opt/airflow/dags/002_dag_versioning.py","logger":"airflow.dag_processing.dagbag.BundleDagBag","filename":"dagbag.py","lineno":460}
{"timestamp":"2026-07-19T08:58:12.792113Z","level":"info","event":"Filling up the DagBag from /opt/airflow/dags/002_dag_versioning.py","logger":"airflow.dag_processing.dagbag.BundleDagBag","filename":"dagbag.py","lineno":460}
{"timestamp":"2026-07-19T08:58:43.074731Z","level":"info","event":"Filling up the DagBag from /opt/airflow/dags/002_dag_versioning.py","logger":"airflow.dag_processing.dagbag.BundleDagBag","filename":"dagbag.py","lineno":460}
{"timestamp":"2026-07-19T08:59:13.850082Z","level":"info","event":"Filling up the DagBag from /opt/airflow/dags/002_dag_versioning.py","logger":"airflow.dag_processing.dagbag.BundleDagBag","filename":"dagbag.py","lineno":460}
{"timestamp":"2026-07-19T08:59:44.637471Z","level":"info","event":"Filling up the DagBag from /opt/airflow/dags/002_dag_versioning.py","logger":"airflow.dag_processing.dagbag.BundleDagBag","filename":"dagbag.py","lineno":460}
{"timestamp":"2026-07-19T09:00:15.159806Z","level":"info","event":"Filling up the DagBag from /opt/airflow/dags/002_dag_versioning.py","logger":"airflow.dag_processing.dagbag.BundleDagBag","filename":"dagbag.py","lineno":460}
{"timestamp":"2026-07-19T09:00:45.662529Z","level":"info","event":"Filling up the DagBag from /opt/airflow/dags/002_dag_versioning.py","logger":"airflow.dag_processing.dagbag.BundleDagBag","filename":"dagbag.py","lineno":460}
{"timestamp":"2026-07-19T09:01:15.865357Z","level":"info","event":"Filling up the DagBag from /opt/airflow/dags/002_dag_versioning.py","logger":"airflow.dag_processing.dagbag.BundleDagBag","filename":"dagbag.py","lineno":460}
{"timestamp":"2026-07-19T09:01:46.470098Z","level":"info","event":"Filling up the DagBag from /opt/airflow/dags/002_dag_versioning.py","logger":"airflow.dag_processing.dagbag.BundleDagBag","filename":"dagbag.py","lineno":460}
{"timestamp":"2026-07-19T09:02:17.087392Z","level":"info","event":"Filling up the DagBag from /opt/airflow/dags/002_dag_versioning.py","logger":"airflow.dag_processing.dagbag.BundleDagBag","filename":"dagbag.py","lineno":460}
{"timestamp":"2026-07-19T09:02:47.267250Z","level":"info","event":"Filling up the DagBag from /opt/airflow/dags/002_dag_versioning.py","logger":"airflow.dag_processing.dagbag.BundleDagBag","filename":"dagbag.py","lineno":460}
{"timestamp":"2026-07-19T09:03:18.101173Z","level":"info","event":"Filling up the DagBag from /opt/airflow/dags/002_dag_versioning.py","logger":"airflow.dag_processing.dagbag.BundleDagBag","filename":"dagbag.py","lineno":460}
{"timestamp":"2026-07-19T09:03:48.975904Z","level":"info","event":"Filling up the DagBag from /opt/airflow/dags/002_dag_versioning.py","logger":"airflow.dag_processing.dagbag.BundleDagBag","filename":"dagbag.py","lineno":460}
{"timestamp":"2026-07-19T09:04:20.000401Z","level":"info","event":"Filling up the DagBag from /opt/airflow/dags/002_dag_versioning.py","logger":"airflow.dag_processing.dagbag.BundleDagBag","filename":"dagbag.py","lineno":460}
{"timestamp":"2026-07-19T09:04:50.900737Z","level":"info","event":"Filling up the DagBag from /opt/airflow/dags/002_dag_versioning.py","logger":"airflow.dag_processing.dagbag.BundleDagBag","filename":"dagbag.py","lineno":460}
{"timestamp":"2026-07-19T09:05:21.419137Z","level":"info","event":"Filling up the DagBag from /opt/airflow/dags/002_dag_versioning.py","logger":"airflow.dag_processing.dagbag.BundleDagBag","filename":"dagbag.py","lineno":460}
{"timestamp":"2026-07-19T09:05:52.335284Z","level":"info","event":"Filling up the DagBag from /opt/airflow/dags/002_dag_versioning.py","logger":"airflow.dag_processing.dagbag.BundleDagBag","filename":"dagbag.py","lineno":460}
{"timestamp":"2026-07-19T09:06:23.200901Z","level":"info","event":"Filling up the DagBag from /opt/airflow/dags/002_dag_versioning.py","logger":"airflow.dag_processing.dagbag.BundleDagBag","filename":"dagbag.py","lineno":460}
{"timestamp":"2026-07-19T09:06:54.137824Z","level":"info","event":"Filling up the DagBag from /opt/airflow/dags/002_dag_versioning.py","logger":"airflow.dag_processing.dagbag.BundleDagBag","filename":"dagbag.py","lineno":460}
{"timestamp":"2026-07-19T09:07:25.004462Z","level":"info","event":"Filling up the DagBag from /opt/airflow/dags/002_dag_versioning.py","logger":"airflow.dag_processing.dagbag.BundleDagBag","filename":"dagbag.py","lineno":460}
{"timestamp":"2026-07-19T09:07:55.150352Z","level":"info","event":"Filling up the DagBag from /opt/airflow/dags/002_dag_versioning.py","logger":"airflow.dag_processing.dagbag.BundleDagBag","filename":"dagbag.py","lineno":460}
{"timestamp":"2026-07-19T09:08:26.070188Z","level":"info","event":"Filling up the DagBag from /opt/airflow/dags/002_dag_versioning.py","logger":"airflow.dag_processing.dagbag.BundleDagBag","filename":"dagbag.py","lineno":460}
{"timestamp":"2026-07-19T09:08:56.922801Z","level":"info","event":"Filling up the DagBag from /opt/airflow/dags/002_dag_versioning.py","logger":"airflow.dag_processing.dagbag.BundleDagBag","filename":"dagbag.py","lineno":460}
{"timestamp":"2026-07-19T09:09:27.738753Z","level":"info","event":"Filling up the DagBag from /opt/airflow/dags/002_dag_versioning.py","logger":"airflow.dag_processing.dagbag.BundleDagBag","filename":"dagbag.py","lineno":460}
{"timestamp":"2026-07-19T09:09:58.769359Z","level":"info","event":"Filling up the DagBag from /opt/airflow/dags/002_dag_versioning.py","logger":"airflow.dag_processing.dagbag.BundleDagBag","filename":"dagbag.py","lineno":460}
{"timestamp":"2026-07-19T09:10:29.787969Z","level":"info","event":"Filling up the DagBag from /opt/airflow/dags/002_dag_versioning.py","logger":"airflow.dag_processing.dagbag.BundleDagBag","filename":"dagbag.py","lineno":460}
{"timestamp":"2026-07-19T09:11:00.499103Z","level":"info","event":"Filling up the DagBag from /opt/airflow/dags/002_dag_versioning.py","logger":"airflow.dag_processing.dagbag.BundleDagBag","filename":"dagbag.py","lineno":460}
{"timestamp":"2026-07-19T09:11:30.737810Z","level":"info","event":"Filling up the DagBag from /opt/airflow/dags/002_dag_versioning.py","logger":"airflow.dag_processing.dagbag.BundleDagBag","filename":"dagbag.py","lineno":460}
{"timestamp":"2026-07-19T09:12:01.604382Z","level":"info","event":"Filling up the DagBag from /opt/airflow/dags/002_dag_versioning.py","logger":"airflow.dag_processing.dagbag.BundleDagBag","filename":"dagbag.py","lineno":460}
{"timestamp":"2026-07-19T09:12:32.340412Z","level":"info","event":"Filling up the DagBag from /opt/airflow/dags/002_dag_versioning.py","logger":"airflow.dag_processing.dagbag.BundleDagBag","filename":"dagbag.py","lineno":460}
{"timestamp":"2026-07-19T09:13:03.115904Z","level":"info","event":"Filling up the DagBag from /opt/airflow/dags/002_dag_versioning.py","logger":"airflow.dag_processing.dagbag.BundleDagBag","filename":"dagbag.py","lineno":460}
{"timestamp":"2026-07-19T09:13:33.336528Z","level":"info","event":"Filling up the DagBag from /opt/airflow/dags/002_dag_versioning.py","logger":"airflow.dag_processing.dagbag.BundleDagBag","filename":"dagbag.py","lineno":460}
{"timestamp":"2026-07-19T09:14:04.195918Z","level":"info","event":"Filling up the DagBag from /opt/airflow/dags/002_dag_versioning.py","logger":"airflow.dag_processing.dagbag.BundleDagBag","filename":"dagbag.py","lineno":460}
{"timestamp":"2026-07-19T09:14:34.417606Z","level":"info","event":"Filling up the DagBag from /opt/airflow/dags/002_dag_versioning.py","logger":"airflow.dag_processing.dagbag.BundleDagBag","filename":"dagbag.py","lineno":460}
{"timestamp":"2026-07-19T09:15:05.168360Z","level":"info","event":"Filling up the DagBag from /opt/airflow/dags/002_dag_versioning.py","logger":"airflow.dag_processing.dagbag.BundleDagBag","filename":"dagbag.py","lineno":460}
{"timestamp":"2026-07-19T09:15:35.854737Z","level":"info","event":"Filling up the DagBag from /opt/airflow/dags/002_dag_versioning.py","logger":"airflow.dag_processing.dagbag.BundleDagBag","filename":"dagbag.py","lineno":460}
{"timestamp":"2026-07-19T09:16:06.544981Z","level":"info","event":"Filling up the DagBag from /opt/airflow/dags/002_dag_versioning.py","logger":"airflow.dag_processing.dagbag.BundleDagBag","filename":"dagbag.py","lineno":460}
{"timestamp":"2026-07-19T09:16:37.239778Z","level":"info","event":"Filling up the DagBag from /opt/airflow/dags/002_dag_versioning.py","logger":"airflow.dag_processing.dagbag.BundleDagBag","filename":"dagbag.py","lineno":460}
{"timestamp":"2026-07-19T09:17:07.956401Z","level":"info","event":"Filling up the DagBag from /opt/airflow/dags/002_dag_versioning.py","logger":"airflow.dag_processing.dagbag.BundleDagBag","filename":"dagbag.py","lineno":460}
{"timestamp":"2026-07-19T09:17:38.788062Z","level":"info","event":"Filling up the DagBag from /opt/airflow/dags/002_dag_versioning.py","logger":"airflow.dag_processing.dagbag.BundleDagBag","filename":"dagbag.py","lineno":460}
{"timestamp":"2026-07-19T09:18:09.622839Z","level":"info","event":"Filling up the DagBag from /opt/airflow/dags/002_dag_versioning.py","logger":"airflow.dag_processing.dagbag.BundleDagBag","filename":"dagbag.py","lineno":460}
{"timestamp":"2026-07-19T09:18:40.705611Z","level":"info","event":"Filling up the DagBag from /opt/airflow/dags/002_dag_versioning.py","logger":"airflow.dag_processing.dagbag.BundleDagBag","filename":"dagbag.py","lineno":460}
{"timestamp":"2026-07-19T09:19:11.559208Z","level":"info","event":"Filling up the DagBag from /opt/airflow/dags/002_dag_versioning.py","logger":"airflow.dag_processing.dagbag.BundleDagBag","filename":"dagbag.py","lineno":460}
{"timestamp":"2026-07-19T09:19:42.499698Z","level":"info","event":"Filling up the DagBag from /opt/airflow/dags/002_dag_versioning.py","logger":"airflow.dag_processing.dagbag.BundleDagBag","filename":"dagbag.py","lineno":460}
{"timestamp":"2026-07-19T09:20:13.757499Z","level":"info","event":"Filling up the DagBag from /opt/airflow/dags/002_dag_versioning.py","logger":"airflow.dag_processing.dagbag.BundleDagBag","filename":"dagbag.py","lineno":460}
{"timestamp":"2026-07-19T09:20:44.652813Z","level":"info","event":"Filling up the DagBag from /opt/airflow/dags/002_dag_versioning.py","logger":"airflow.dag_processing.dagbag.BundleDagBag","filename":"dagbag.py","lineno":460}
{"timestamp":"2026-07-19T09:21:15.562910Z","level":"info","event":"Filling up the DagBag from /opt/airflow/dags/002_dag_versioning.py","logger":"airflow.dag_processing.dagbag.BundleDagBag","filename":"dagbag.py","lineno":460}
{"timestamp":"2026-07-19T09:21:46.213562Z","level":"info","event":"Filling up the DagBag from /opt/airflow/dags/002_dag_versioning.py","logger":"airflow.dag_processing.dagbag.BundleDagBag","filename":"dagbag.py","lineno":460}
{"timestamp":"2026-07-19T09:22:16.882835Z","level":"info","event":"Filling up the DagBag from /opt/airflow/dags/002_dag_versioning.py","logger":"airflow.dag_processing.dagbag.BundleDagBag","filename":"dagbag.py","lineno":460}
{"timestamp":"2026-07-19T09:22:47.530221Z","level":"info","event":"Filling up the DagBag from /opt/airflow/dags/002_dag_versioning.py","logger":"airflow.dag_processing.dagbag.BundleDagBag","filename":"dagbag.py","lineno":460}
{"timestamp":"2026-07-19T09:23:18.450887Z","level":"info","event":"Filling up the DagBag from /opt/airflow/dags/002_dag_versioning.py","logger":"airflow.dag_processing.dagbag.BundleDagBag","filename":"dagbag.py","lineno":460}
{"timestamp":"2026-07-19T09:23:49.127144Z","level":"info","event":"Filling up the DagBag from /opt/airflow/dags/002_dag_versioning.py","logger":"airflow.dag_processing.dagbag.BundleDagBag","filename":"dagbag.py","lineno":460}
{"timestamp":"2026-07-19T09:24:19.879399Z","level":"info","event":"Filling up the DagBag from /opt/airflow/dags/002_dag_versioning.py","logger":"airflow.dag_processing.dagbag.BundleDagBag","filename":"dagbag.py","lineno":460}
{"timestamp":"2026-07-19T09:24:50.759413Z","level":"info","event":"Filling up the DagBag from /opt/airflow/dags/002_dag_versioning.py","logger":"airflow.dag_processing.dagbag.BundleDagBag","filename":"dagbag.py","lineno":460}
{"timestamp":"2026-07-19T09:25:21.462900Z","level":"info","event":"Filling up the DagBag from /opt/airflow/dags/002_dag_versioning.py","logger":"airflow.dag_processing.dagbag.BundleDagBag","filename":"dagbag.py","lineno":460}
